[debug] [2022-03-24T17:43:01.118Z] ----------------------------------------------------------------------
[debug] [2022-03-24T17:43:01.121Z] Command:       C:\Program Files\nodejs\node.exe C:\Program Files\nodejs\node_modules\firebase-tools\lib\bin\firebase.js emulators:start
[debug] [2022-03-24T17:43:01.122Z] CLI Version:   10.4.1
[debug] [2022-03-24T17:43:01.122Z] Platform:      win32
[debug] [2022-03-24T17:43:01.122Z] Node Version:  v14.17.0
[debug] [2022-03-24T17:43:01.123Z] Time:          Thu Mar 24 2022 13:43:01 GMT-0400 (Eastern Daylight Time)
[debug] [2022-03-24T17:43:01.124Z] ----------------------------------------------------------------------
[debug] 
[debug] [2022-03-24T17:43:01.211Z] > command requires scopes: ["email","openid","https://www.googleapis.com/auth/cloudplatformprojects.readonly","https://www.googleapis.com/auth/firebase","https://www.googleapis.com/auth/cloud-platform"]
[debug] [2022-03-24T17:43:01.212Z] > authorizing via signed-in user (nikolifish@gmail.com)
[info] i  emulators: Starting emulators: functions, hosting {"metadata":{"emulator":{"name":"hub"},"message":"Starting emulators: functions, hosting"}}
[debug] [2022-03-24T17:43:01.247Z] [hub] writing locator at C:\Users\nikol\AppData\Local\Temp\hub-okta-firebase-7fe75.json
[warn] !  functions: The following emulators are not running, calls to these services from the Functions emulator will affect production: auth, firestore, database, pubsub, storage {"metadata":{"emulator":{"name":"functions"},"message":"The following emulators are not running, calls to these services from the Functions emulator will affect production: \u001b[1mauth, firestore, database, pubsub, storage\u001b[22m"}}
[warn] !  Your requested "node" version "16" doesn't match your global version "14". Using node@14 from host. {"metadata":{"emulator":{"name":"functions"},"message":"Your requested \"node\" version \"16\" doesn't match your global version \"14\". Using node@14 from host."}}
[debug] [2022-03-24T17:43:01.266Z] defaultcredentials: writing to file C:\Users\nikol\AppData\Roaming\firebase\nikolifish_gmail_com_application_default_credentials.json
[debug] [2022-03-24T17:43:01.268Z] Setting GAC to C:\Users\nikol\AppData\Roaming\firebase\nikolifish_gmail_com_application_default_credentials.json {"metadata":{"emulator":{"name":"functions"},"message":"Setting GAC to C:\\Users\\nikol\\AppData\\Roaming\\firebase\\nikolifish_gmail_com_application_default_credentials.json"}}
[debug] [2022-03-24T17:43:01.271Z] >>> [apiv2][query] GET https://firebase.googleapis.com/v1beta1/projects/okta-firebase-7fe75/adminSdkConfig [none]
[debug] [2022-03-24T17:43:01.478Z] <<< [apiv2][status] GET https://firebase.googleapis.com/v1beta1/projects/okta-firebase-7fe75/adminSdkConfig 200
[debug] [2022-03-24T17:43:01.478Z] <<< [apiv2][body] GET https://firebase.googleapis.com/v1beta1/projects/okta-firebase-7fe75/adminSdkConfig {"projectId":"okta-firebase-7fe75","storageBucket":"okta-firebase-7fe75.appspot.com"}
[debug] [2022-03-24T17:43:01.492Z] >>> [apiv2][query] GET https://firebasehosting.googleapis.com/v1beta1/projects/okta-firebase-7fe75/sites 
[debug] [2022-03-24T17:43:01.976Z] <<< [apiv2][status] GET https://firebasehosting.googleapis.com/v1beta1/projects/okta-firebase-7fe75/sites 200
[debug] [2022-03-24T17:43:01.976Z] <<< [apiv2][body] GET https://firebasehosting.googleapis.com/v1beta1/projects/okta-firebase-7fe75/sites {"sites":[{"name":"projects/320079226540/sites/okta-firebase-7fe75","defaultUrl":"https://okta-firebase-7fe75.web.app","appId":"1:320079226540:web:558aac3192ac27140f6109","type":"DEFAULT_SITE"}]}
[debug] [2022-03-24T17:43:01.977Z] >>> [apiv2][query] GET https://firebase.googleapis.com/v1beta1/projects/okta-firebase-7fe75/webApps/1:320079226540:web:558aac3192ac27140f6109/config [none]
[debug] [2022-03-24T17:43:02.400Z] <<< [apiv2][status] GET https://firebase.googleapis.com/v1beta1/projects/okta-firebase-7fe75/webApps/1:320079226540:web:558aac3192ac27140f6109/config 200
[debug] [2022-03-24T17:43:02.400Z] <<< [apiv2][body] GET https://firebase.googleapis.com/v1beta1/projects/okta-firebase-7fe75/webApps/1:320079226540:web:558aac3192ac27140f6109/config {"projectId":"okta-firebase-7fe75","appId":"1:320079226540:web:558aac3192ac27140f6109","storageBucket":"okta-firebase-7fe75.appspot.com","apiKey":"AIzaSyDrkuGi0Z0htxJp8Tstdamhd0mj9B9EsEE","authDomain":"okta-firebase-7fe75.firebaseapp.com","messagingSenderId":"320079226540"}
[info] i  hosting: Serving hosting files from: build {"metadata":{"emulator":{"name":"hosting"},"message":"Serving hosting files from: \u001b[1mbuild\u001b[22m"}}
[info] +  hosting: Local server: http://localhost:5000 {"metadata":{"emulator":{"name":"hosting"},"message":"Local server: \u001b[4m\u001b[1mhttp://localhost:5000\u001b[22m\u001b[24m"}}
[warn] !  ui: Emulator UI unable to start on port 4000, starting on 4001 instead. {"metadata":{"emulator":{"name":"ui"},"message":"Emulator UI unable to start on port 4000, starting on 4001 instead."}}
[debug] [2022-03-24T17:43:02.463Z] Ignoring unsupported arg: auto_download {"metadata":{"emulator":{"name":"ui"},"message":"Ignoring unsupported arg: auto_download"}}
[debug] [2022-03-24T17:43:02.464Z] Ignoring unsupported arg: port {"metadata":{"emulator":{"name":"ui"},"message":"Ignoring unsupported arg: port"}}
[debug] [2022-03-24T17:43:02.464Z] Starting Emulator UI with command {"binary":"node","args":["C:\\Users\\nikol\\.cache\\firebase\\emulators\\ui-v1.6.5\\server.bundle.js"],"optionalArgs":[],"joinArgs":false} {"metadata":{"emulator":{"name":"ui"},"message":"Starting Emulator UI with command {\"binary\":\"node\",\"args\":[\"C:\\\\Users\\\\nikol\\\\.cache\\\\firebase\\\\emulators\\\\ui-v1.6.5\\\\server.bundle.js\"],\"optionalArgs\":[],\"joinArgs\":false}"}}
[info] i  ui: Emulator UI logging to ui-debug.log {"metadata":{"emulator":{"name":"ui"},"message":"Emulator UI logging to \u001b[1mui-debug.log\u001b[22m"}}
[debug] [2022-03-24T17:43:02.610Z] Web / API server started at localhost:4001
 {"metadata":{"emulator":{"name":"ui"},"message":"Web / API server started at localhost:4001\n"}}
[info] i  functions: Watching "C:\Users\nikol\Documents\Okta\Firebase\Private\okta-firebase\functions" for Cloud Functions... {"metadata":{"emulator":{"name":"functions"},"message":"Watching \"C:\\Users\\nikol\\Documents\\Okta\\Firebase\\Private\\okta-firebase\\functions\" for Cloud Functions..."}}
[debug] [2022-03-24T17:43:02.743Z] Validating nodejs source
[debug] [2022-03-24T17:43:04.643Z] > [functions] package.json contents: {
  "name": "functions",
  "description": "Cloud Functions for Firebase",
  "scripts": {
    "serve": "firebase emulators:start --only functions",
    "shell": "firebase functions:shell",
    "start": "npm run shell",
    "deploy": "firebase deploy --only functions",
    "logs": "firebase functions:log"
  },
  "engines": {
    "node": "16"
  },
  "main": "index.js",
  "dependencies": {
    "@okta/jwt-verifier": "^2.3.0",
    "canvas": "^2.9.1",
    "dotenv": "^16.0.0",
    "firebase-admin": "^10.0.2",
    "firebase-functions": "^3.18.0"
  },
  "devDependencies": {
    "firebase-functions-test": "^0.2.0"
  },
  "private": true
}
[debug] [2022-03-24T17:43:04.643Z] Building nodejs source
[debug] [2022-03-24T17:43:04.643Z] Analyzing nodejs backend spec
[info] +  functions[us-central1-exchangeOktaTokenForFirebaseToken]: http function initialized (http://localhost:5001/okta-firebase-7fe75/us-central1/exchangeOktaTokenForFirebaseToken). {"metadata":{"emulator":{"name":"functions"},"message":"\u001b[1mhttp\u001b[22m function initialized (http://localhost:5001/okta-firebase-7fe75/us-central1/exchangeOktaTokenForFirebaseToken)."}}
[info] +  functions[us-central1-drawImage]: http function initialized (http://localhost:5001/okta-firebase-7fe75/us-central1/drawImage). {"metadata":{"emulator":{"name":"functions"},"message":"\u001b[1mhttp\u001b[22m function initialized (http://localhost:5001/okta-firebase-7fe75/us-central1/drawImage)."}}
[info] 
┌─────────────────────────────────────────────────────────────┐
│ ✔  All emulators ready! It is now safe to connect your app. │
│ i  View Emulator UI at http://localhost:4001                │
└─────────────────────────────────────────────────────────────┘

┌───────────┬────────────────┬─────────────────────────────────┐
│ Emulator  │ Host:Port      │ View in Emulator UI             │
├───────────┼────────────────┼─────────────────────────────────┤
│ Functions │ localhost:5001 │ http://localhost:4001/functions │
├───────────┼────────────────┼─────────────────────────────────┤
│ Hosting   │ localhost:5000 │ n/a                             │
└───────────┴────────────────┴─────────────────────────────────┘
  Emulator Hub running at localhost:4400
  Other reserved ports: 4500

Issues? Report them at https://github.com/firebase/firebase-tools/issues and attach the *-debug.log files.
 
[info] i  hosting: 127.0.0.1 - - [24/Mar/2022:17:43:09 +0000] "GET / HTTP/1.1" 200 644 "-" "Mozilla/5.0 (Windows NT 10.0; Win64; x64; rv:98.0) Gecko/20100101 Firefox/98.0" {"metadata":{"emulator":{"name":"hosting"},"message":"127.0.0.1 - - [24/Mar/2022:17:43:09 +0000] \"GET / HTTP/1.1\" 200 644 \"-\" \"Mozilla/5.0 (Windows NT 10.0; Win64; x64; rv:98.0) Gecko/20100101 Firefox/98.0\""}}
[info] i  hosting: 127.0.0.1 - - [24/Mar/2022:17:43:09 +0000] "GET /static/css/main.04179b6f.css HTTP/1.1" 200 167321 "http://localhost:5000/" "Mozilla/5.0 (Windows NT 10.0; Win64; x64; rv:98.0) Gecko/20100101 Firefox/98.0" {"metadata":{"emulator":{"name":"hosting"},"message":"127.0.0.1 - - [24/Mar/2022:17:43:09 +0000] \"GET /static/css/main.04179b6f.css HTTP/1.1\" 200 167321 \"http://localhost:5000/\" \"Mozilla/5.0 (Windows NT 10.0; Win64; x64; rv:98.0) Gecko/20100101 Firefox/98.0\""}}
[info] i  hosting: 127.0.0.1 - - [24/Mar/2022:17:43:09 +0000] "GET /static/js/main.0768e612.js HTTP/1.1" 200 627077 "http://localhost:5000/" "Mozilla/5.0 (Windows NT 10.0; Win64; x64; rv:98.0) Gecko/20100101 Firefox/98.0" {"metadata":{"emulator":{"name":"hosting"},"message":"127.0.0.1 - - [24/Mar/2022:17:43:09 +0000] \"GET /static/js/main.0768e612.js HTTP/1.1\" 200 627077 \"http://localhost:5000/\" \"Mozilla/5.0 (Windows NT 10.0; Win64; x64; rv:98.0) Gecko/20100101 Firefox/98.0\""}}
[info] i  hosting: 127.0.0.1 - - [24/Mar/2022:17:43:09 +0000] "GET /logo192.png HTTP/1.1" - - "http://localhost:5000/" "Mozilla/5.0 (Windows NT 10.0; Win64; x64; rv:98.0) Gecko/20100101 Firefox/98.0" {"metadata":{"emulator":{"name":"hosting"},"message":"127.0.0.1 - - [24/Mar/2022:17:43:09 +0000] \"GET /logo192.png HTTP/1.1\" - - \"http://localhost:5000/\" \"Mozilla/5.0 (Windows NT 10.0; Win64; x64; rv:98.0) Gecko/20100101 Firefox/98.0\""}}
[info] i  hosting: 127.0.0.1 - - [24/Mar/2022:17:43:09 +0000] "GET /favicon.ico HTTP/1.1" - - "http://localhost:5000/" "Mozilla/5.0 (Windows NT 10.0; Win64; x64; rv:98.0) Gecko/20100101 Firefox/98.0" {"metadata":{"emulator":{"name":"hosting"},"message":"127.0.0.1 - - [24/Mar/2022:17:43:09 +0000] \"GET /favicon.ico HTTP/1.1\" - - \"http://localhost:5000/\" \"Mozilla/5.0 (Windows NT 10.0; Win64; x64; rv:98.0) Gecko/20100101 Firefox/98.0\""}}
[debug] [2022-03-24T17:43:09.415Z] [work-queue] {"queueLength":1,"workRunningCount":0}
[debug] [2022-03-24T17:43:09.416Z] [work-queue] {"queueLength":0,"workRunningCount":1}
[debug] [2022-03-24T17:43:09.416Z] Accepted request OPTIONS /okta-firebase-7fe75/us-central1/exchangeOktaTokenForFirebaseToken --> us-central1-exchangeOktaTokenForFirebaseToken
[debug] [2022-03-24T17:43:09.426Z] [worker-pool] addWorker(us-central1-exchangeOktaTokenForFirebaseToken) {"metadata":{"emulator":{"name":"functions"},"message":"[worker-pool] addWorker(us-central1-exchangeOktaTokenForFirebaseToken)"}}
[debug] [2022-03-24T17:43:09.426Z] [worker-pool] Adding worker with key us-central1-exchangeOktaTokenForFirebaseToken, total=1 {"metadata":{"emulator":{"name":"functions"},"message":"[worker-pool] Adding worker with key us-central1-exchangeOktaTokenForFirebaseToken, total=1"}}
[debug] [2022-03-24T17:43:09.426Z] [worker-pool] submitWork(triggerId=us-central1-exchangeOktaTokenForFirebaseToken) {"metadata":{"emulator":{"name":"functions"},"message":"[worker-pool] submitWork(triggerId=us-central1-exchangeOktaTokenForFirebaseToken)"}}
[debug] [2022-03-24T17:43:09.427Z] [worker-us-central1-exchangeOktaTokenForFirebaseToken-6359c35b-1c40-470f-947d-9e5cb0c7d9d9]: Assigning socketPath: \\?\pipe\C:\Users\nikol\Documents\Okta\Firebase\Private\okta-firebase\functions\23280 {"metadata":{"emulator":{"name":"functions"},"message":"[worker-us-central1-exchangeOktaTokenForFirebaseToken-6359c35b-1c40-470f-947d-9e5cb0c7d9d9]: Assigning socketPath: \\\\?\\pipe\\C:\\Users\\nikol\\Documents\\Okta\\Firebase\\Private\\okta-firebase\\functions\\23280"}}
[debug] [2022-03-24T17:43:09.427Z] [worker-us-central1-exchangeOktaTokenForFirebaseToken-6359c35b-1c40-470f-947d-9e5cb0c7d9d9]: BUSY {"metadata":{"emulator":{"name":"functions"},"message":"[worker-us-central1-exchangeOktaTokenForFirebaseToken-6359c35b-1c40-470f-947d-9e5cb0c7d9d9]: BUSY"}}
[debug] [2022-03-24T17:43:11.061Z] [runtime-status] [23280] Functions runtime initialized. {"cwd":"C:\\Users\\nikol\\Documents\\Okta\\Firebase\\Private\\okta-firebase\\functions","node_version":"14.17.0"} {"metadata":{"emulator":{"name":"functions"},"function":{"name":"us-central1-exchangeOktaTokenForFirebaseToken"},"extension":{},"message":"[runtime-status] [23280] Functions runtime initialized. {\"cwd\":\"C:\\\\Users\\\\nikol\\\\Documents\\\\Okta\\\\Firebase\\\\Private\\\\okta-firebase\\\\functions\",\"node_version\":\"14.17.0\"}"}}
[debug] [2022-03-24T17:43:11.064Z] [runtime-status] [23280] Disabled runtime features: undefined {"metadata":{"emulator":{"name":"functions"},"function":{"name":"us-central1-exchangeOktaTokenForFirebaseToken"},"extension":{},"message":"[runtime-status] [23280] Disabled runtime features: undefined"}}
[debug] [2022-03-24T17:43:11.068Z] [runtime-status] [23280] Resolved module firebase-admin {"declared":true,"installed":true,"version":"10.0.2","resolution":"C:\\Users\\nikol\\Documents\\Okta\\Firebase\\Private\\okta-firebase\\functions\\node_modules\\firebase-admin\\lib\\index.js"} {"metadata":{"emulator":{"name":"functions"},"function":{"name":"us-central1-exchangeOktaTokenForFirebaseToken"},"extension":{},"message":"[runtime-status] [23280] Resolved module firebase-admin {\"declared\":true,\"installed\":true,\"version\":\"10.0.2\",\"resolution\":\"C:\\\\Users\\\\nikol\\\\Documents\\\\Okta\\\\Firebase\\\\Private\\\\okta-firebase\\\\functions\\\\node_modules\\\\firebase-admin\\\\lib\\\\index.js\"}"}}
[debug] [2022-03-24T17:43:11.070Z] [runtime-status] [23280] Resolved module firebase-functions {"declared":true,"installed":true,"version":"3.19.0","resolution":"C:\\Users\\nikol\\Documents\\Okta\\Firebase\\Private\\okta-firebase\\functions\\node_modules\\firebase-functions\\lib\\index.js"} {"metadata":{"emulator":{"name":"functions"},"function":{"name":"us-central1-exchangeOktaTokenForFirebaseToken"},"extension":{},"message":"[runtime-status] [23280] Resolved module firebase-functions {\"declared\":true,\"installed\":true,\"version\":\"3.19.0\",\"resolution\":\"C:\\\\Users\\\\nikol\\\\Documents\\\\Okta\\\\Firebase\\\\Private\\\\okta-firebase\\\\functions\\\\node_modules\\\\firebase-functions\\\\lib\\\\index.js\"}"}}
[debug] [2022-03-24T17:43:11.070Z] [runtime-status] [23280] Outgoing network have been stubbed. [{"name":"http","status":"mocked"},{"name":"http","status":"mocked"},{"name":"https","status":"mocked"},{"name":"https","status":"mocked"},{"name":"net","status":"mocked"}] {"metadata":{"emulator":{"name":"functions"},"function":{"name":"us-central1-exchangeOktaTokenForFirebaseToken"},"extension":{},"message":"[runtime-status] [23280] Outgoing network have been stubbed. [{\"name\":\"http\",\"status\":\"mocked\"},{\"name\":\"http\",\"status\":\"mocked\"},{\"name\":\"https\",\"status\":\"mocked\"},{\"name\":\"https\",\"status\":\"mocked\"},{\"name\":\"net\",\"status\":\"mocked\"}]"}}
[debug] [2022-03-24T17:43:11.071Z] [runtime-status] [23280] Resolved module firebase-functions {"declared":true,"installed":true,"version":"3.19.0","resolution":"C:\\Users\\nikol\\Documents\\Okta\\Firebase\\Private\\okta-firebase\\functions\\node_modules\\firebase-functions\\lib\\index.js"} {"metadata":{"emulator":{"name":"functions"},"function":{"name":"us-central1-exchangeOktaTokenForFirebaseToken"},"extension":{},"message":"[runtime-status] [23280] Resolved module firebase-functions {\"declared\":true,\"installed\":true,\"version\":\"3.19.0\",\"resolution\":\"C:\\\\Users\\\\nikol\\\\Documents\\\\Okta\\\\Firebase\\\\Private\\\\okta-firebase\\\\functions\\\\node_modules\\\\firebase-functions\\\\lib\\\\index.js\"}"}}
[debug] [2022-03-24T17:43:11.125Z] [runtime-status] [23280] Checked functions.config() {"config":{}} {"metadata":{"emulator":{"name":"functions"},"function":{"name":"us-central1-exchangeOktaTokenForFirebaseToken"},"extension":{},"message":"[runtime-status] [23280] Checked functions.config() {\"config\":{}}"}}
[debug] [2022-03-24T17:43:11.125Z] [runtime-status] [23280] firebase-functions has been stubbed. {"functionsResolution":{"declared":true,"installed":true,"version":"3.19.0","resolution":"C:\\Users\\nikol\\Documents\\Okta\\Firebase\\Private\\okta-firebase\\functions\\node_modules\\firebase-functions\\lib\\index.js"}} {"metadata":{"emulator":{"name":"functions"},"function":{"name":"us-central1-exchangeOktaTokenForFirebaseToken"},"extension":{},"message":"[runtime-status] [23280] firebase-functions has been stubbed. {\"functionsResolution\":{\"declared\":true,\"installed\":true,\"version\":\"3.19.0\",\"resolution\":\"C:\\\\Users\\\\nikol\\\\Documents\\\\Okta\\\\Firebase\\\\Private\\\\okta-firebase\\\\functions\\\\node_modules\\\\firebase-functions\\\\lib\\\\index.js\"}}"}}
[debug] [2022-03-24T17:43:11.126Z] [runtime-status] [23280] Resolved module firebase-functions {"declared":true,"installed":true,"version":"3.19.0","resolution":"C:\\Users\\nikol\\Documents\\Okta\\Firebase\\Private\\okta-firebase\\functions\\node_modules\\firebase-functions\\lib\\index.js"} {"metadata":{"emulator":{"name":"functions"},"function":{"name":"us-central1-exchangeOktaTokenForFirebaseToken"},"extension":{},"message":"[runtime-status] [23280] Resolved module firebase-functions {\"declared\":true,\"installed\":true,\"version\":\"3.19.0\",\"resolution\":\"C:\\\\Users\\\\nikol\\\\Documents\\\\Okta\\\\Firebase\\\\Private\\\\okta-firebase\\\\functions\\\\node_modules\\\\firebase-functions\\\\lib\\\\index.js\"}"}}
[debug] [2022-03-24T17:43:11.128Z] [runtime-status] [23280] Resolved module firebase-admin {"declared":true,"installed":true,"version":"10.0.2","resolution":"C:\\Users\\nikol\\Documents\\Okta\\Firebase\\Private\\okta-firebase\\functions\\node_modules\\firebase-admin\\lib\\index.js"} {"metadata":{"emulator":{"name":"functions"},"function":{"name":"us-central1-exchangeOktaTokenForFirebaseToken"},"extension":{},"message":"[runtime-status] [23280] Resolved module firebase-admin {\"declared\":true,\"installed\":true,\"version\":\"10.0.2\",\"resolution\":\"C:\\\\Users\\\\nikol\\\\Documents\\\\Okta\\\\Firebase\\\\Private\\\\okta-firebase\\\\functions\\\\node_modules\\\\firebase-admin\\\\lib\\\\index.js\"}"}}
[debug] [2022-03-24T17:43:11.129Z] [runtime-status] [23280] Resolved module firebase-functions {"declared":true,"installed":true,"version":"3.19.0","resolution":"C:\\Users\\nikol\\Documents\\Okta\\Firebase\\Private\\okta-firebase\\functions\\node_modules\\firebase-functions\\lib\\index.js"} {"metadata":{"emulator":{"name":"functions"},"function":{"name":"us-central1-exchangeOktaTokenForFirebaseToken"},"extension":{},"message":"[runtime-status] [23280] Resolved module firebase-functions {\"declared\":true,\"installed\":true,\"version\":\"3.19.0\",\"resolution\":\"C:\\\\Users\\\\nikol\\\\Documents\\\\Okta\\\\Firebase\\\\Private\\\\okta-firebase\\\\functions\\\\node_modules\\\\firebase-functions\\\\lib\\\\index.js\"}"}}
[debug] [2022-03-24T17:43:11.129Z] [runtime-status] [23280] firebase-admin has been stubbed. {"adminResolution":{"declared":true,"installed":true,"version":"10.0.2","resolution":"C:\\Users\\nikol\\Documents\\Okta\\Firebase\\Private\\okta-firebase\\functions\\node_modules\\firebase-admin\\lib\\index.js"}} {"metadata":{"emulator":{"name":"functions"},"function":{"name":"us-central1-exchangeOktaTokenForFirebaseToken"},"extension":{},"message":"[runtime-status] [23280] firebase-admin has been stubbed. {\"adminResolution\":{\"declared\":true,\"installed\":true,\"version\":\"10.0.2\",\"resolution\":\"C:\\\\Users\\\\nikol\\\\Documents\\\\Okta\\\\Firebase\\\\Private\\\\okta-firebase\\\\functions\\\\node_modules\\\\firebase-admin\\\\lib\\\\index.js\"}}"}}
[debug] [2022-03-24T17:43:11.175Z] [runtime-status] [23280] initializeApp(DEFAULT) {"credential":{"implicit":false,"projectId":"okta-firebase-7fe75","privateKey":"-----BEGIN PRIVATE KEY-----\nMIIEvQIBADANBgkqhkiG9w0BAQEFAASCBKcwggSjAgEAAoIBAQCec2osn5guzFrL\nrB3l6ilLlHGhJQ//dSAR/xpxSxdO1Yd+XtjVFIc1FXoXBmL9WM1FWbcBxZvzq9Kg\nom3re6UaMDAJFwO8FbeZcbdvyX5lK8KduBCKl6DYM4zr6Y2W5kPqtbxwyGW51+L3\ngNu5oqAPDtT4PXZxbAKi2DLpWck3K6SPKEUc95rYjP1cYeKuRLRDP9G/ouFtnYU+\nmgC0AF8xarqukKdWAnErolnIot//21tTZoJb8lUjNDTsve8SiVJGg6OtNXUAdZOv\n/PKYt0RpWgE7foEHk7z5s33Oh8ixsFN3x43exvGfz8OOEv8tix4T5Tlt9Q8L7jFC\n3/5XWbIBAgMBAAECggEABJIIdSU1qHqvJ8dwzQdYoW/cBuib7SPCmKwkPpSAwxJf\nshOx13avvPVABNbGF214izy3KzQld1/NMDr8vNlzVmi8p4LGqrmsGlBwZ5Oa2uQR\ntbrIdiIGTrO64s1RmMLE+axGBBO7GtSHRHdMXzil4qlOoaLCYLUqVf4oy6IvmvXS\nidZLienxuauOtmklhO2yvwKmxJkopPUr5IoRJLnnKw9NAOH/6cGTL9+CJlcGtxW7\nyeSbNaSe59s5kRUcD4Ha5UCE/n7TqUZR/6+6XGQpS+eq5Xms1fqcmm5wIVa5ntau\n5iYp+fZEj557/26QdPSofbPLHSnBaLjEv4uC2edI3QKBgQDLupaoBb6Thq+/Pq6c\nKj2Vx3Tt+4OI5C3YsbPYny7Qo64hUOXKM/FnLuTSzlPxnJDJnvogQQACjW/vAw0j\npEiFJGAB4okER2WtcZqTYjUlcAseOefCX1G+CLDbGclFqJwOazNoDf0WJxuU5j0I\nj3pdRaTRHITCMPholjdVZSEWewKBgQDHGtrI0xo+LSMO6PpHBBjp8q5YfK55nb5F\nOIQCDkKLZFPowCEdcIjv35pzJ1v3R4gOuqwXNtsp/M4nWWKC/XKNBcJIPo6FpcMB\nS8P77AHodnFvlhnP5xh3qMXJROJc0nksh3iT2DwiiAgaJTEeFx4GynvXTsTMkRQw\nst+7yWDOswKBgQCkM/G131tpYIdKZ2Uo7UrR6/8sySmNLgxduWyxTivXcfWpWKC9\nRvxtI/i+iBpUhNKWDxKe6ITvibwMMrNmZMUmuti+7C1vS3SCRSxHWkJnuFTdueI4\nYcdqmWqiTbhR8sJFRNYcKhowvriWXLQYsDv57WYYPRorwniVI23Z4Da4/QKBgFCV\nmOlhL6TspdzaBLoLeX3uoAvmYsOMSb9AcYVXei1qrN9uK7j7nCDh8mQbEQjTZcj4\nWsCGjku/Kz0X21xC8kMLiqes0ghbn8J9hNQIoHkSvzS3nrjbwrZjk7GzdJ62/R49\nslq8URJ01jqmxOt11cxP1bG+Cr71FSPksdMSXWErAoGAU2kb8L09k++1pz10YAej\nXlgwncCZKEmAdYSF2dgI1TW9iFj0nMsrv7SM+OD+Re1c4JNbZtjdrd7qCvZgBn9O\nOxrjydQ89gYi4tT3H+nnB6BSz/hSzmJnQLOvqM5xATzvyQzHJMSb0U35tIG/21Jh\nxkb6sbmBQc3vshZ6uZgQH2M=\n-----END PRIVATE KEY-----\n","clientEmail":"firebase-adminsdk-330wb@okta-firebase-7fe75.iam.gserviceaccount.com","httpClient":{"retry":{"maxRetries":4,"statusCodes":[503],"ioErrorCodes":["ECONNRESET","ETIMEDOUT"],"backOffFactor":0.5,"maxDelayInMillis":60000}}}} {"metadata":{"emulator":{"name":"functions"},"function":{"name":"us-central1-exchangeOktaTokenForFirebaseToken"},"extension":{},"message":"[runtime-status] [23280] initializeApp(DEFAULT) {\"credential\":{\"implicit\":false,\"projectId\":\"okta-firebase-7fe75\",\"privateKey\":\"-----BEGIN PRIVATE KEY-----\\nMIIEvQIBADANBgkqhkiG9w0BAQEFAASCBKcwggSjAgEAAoIBAQCec2osn5guzFrL\\nrB3l6ilLlHGhJQ//dSAR/xpxSxdO1Yd+XtjVFIc1FXoXBmL9WM1FWbcBxZvzq9Kg\\nom3re6UaMDAJFwO8FbeZcbdvyX5lK8KduBCKl6DYM4zr6Y2W5kPqtbxwyGW51+L3\\ngNu5oqAPDtT4PXZxbAKi2DLpWck3K6SPKEUc95rYjP1cYeKuRLRDP9G/ouFtnYU+\\nmgC0AF8xarqukKdWAnErolnIot//21tTZoJb8lUjNDTsve8SiVJGg6OtNXUAdZOv\\n/PKYt0RpWgE7foEHk7z5s33Oh8ixsFN3x43exvGfz8OOEv8tix4T5Tlt9Q8L7jFC\\n3/5XWbIBAgMBAAECggEABJIIdSU1qHqvJ8dwzQdYoW/cBuib7SPCmKwkPpSAwxJf\\nshOx13avvPVABNbGF214izy3KzQld1/NMDr8vNlzVmi8p4LGqrmsGlBwZ5Oa2uQR\\ntbrIdiIGTrO64s1RmMLE+axGBBO7GtSHRHdMXzil4qlOoaLCYLUqVf4oy6IvmvXS\\nidZLienxuauOtmklhO2yvwKmxJkopPUr5IoRJLnnKw9NAOH/6cGTL9+CJlcGtxW7\\nyeSbNaSe59s5kRUcD4Ha5UCE/n7TqUZR/6+6XGQpS+eq5Xms1fqcmm5wIVa5ntau\\n5iYp+fZEj557/26QdPSofbPLHSnBaLjEv4uC2edI3QKBgQDLupaoBb6Thq+/Pq6c\\nKj2Vx3Tt+4OI5C3YsbPYny7Qo64hUOXKM/FnLuTSzlPxnJDJnvogQQACjW/vAw0j\\npEiFJGAB4okER2WtcZqTYjUlcAseOefCX1G+CLDbGclFqJwOazNoDf0WJxuU5j0I\\nj3pdRaTRHITCMPholjdVZSEWewKBgQDHGtrI0xo+LSMO6PpHBBjp8q5YfK55nb5F\\nOIQCDkKLZFPowCEdcIjv35pzJ1v3R4gOuqwXNtsp/M4nWWKC/XKNBcJIPo6FpcMB\\nS8P77AHodnFvlhnP5xh3qMXJROJc0nksh3iT2DwiiAgaJTEeFx4GynvXTsTMkRQw\\nst+7yWDOswKBgQCkM/G131tpYIdKZ2Uo7UrR6/8sySmNLgxduWyxTivXcfWpWKC9\\nRvxtI/i+iBpUhNKWDxKe6ITvibwMMrNmZMUmuti+7C1vS3SCRSxHWkJnuFTdueI4\\nYcdqmWqiTbhR8sJFRNYcKhowvriWXLQYsDv57WYYPRorwniVI23Z4Da4/QKBgFCV\\nmOlhL6TspdzaBLoLeX3uoAvmYsOMSb9AcYVXei1qrN9uK7j7nCDh8mQbEQjTZcj4\\nWsCGjku/Kz0X21xC8kMLiqes0ghbn8J9hNQIoHkSvzS3nrjbwrZjk7GzdJ62/R49\\nslq8URJ01jqmxOt11cxP1bG+Cr71FSPksdMSXWErAoGAU2kb8L09k++1pz10YAej\\nXlgwncCZKEmAdYSF2dgI1TW9iFj0nMsrv7SM+OD+Re1c4JNbZtjdrd7qCvZgBn9O\\nOxrjydQ89gYi4tT3H+nnB6BSz/hSzmJnQLOvqM5xATzvyQzHJMSb0U35tIG/21Jh\\nxkb6sbmBQc3vshZ6uZgQH2M=\\n-----END PRIVATE KEY-----\\n\",\"clientEmail\":\"firebase-adminsdk-330wb@okta-firebase-7fe75.iam.gserviceaccount.com\",\"httpClient\":{\"retry\":{\"maxRetries\":4,\"statusCodes\":[503],\"ioErrorCodes\":[\"ECONNRESET\",\"ETIMEDOUT\"],\"backOffFactor\":0.5,\"maxDelayInMillis\":60000}}}}"}}
[debug] [2022-03-24T17:43:11.295Z] [runtime-status] [23280] Beginning invocation function exchangeOktaTokenForFirebaseToken! {"metadata":{"emulator":{"name":"functions"},"function":{"name":"us-central1-exchangeOktaTokenForFirebaseToken"},"extension":{},"message":"[runtime-status] [23280] Beginning invocation function exchangeOktaTokenForFirebaseToken!"}}
[info] i  functions: Beginning execution of "exchangeOktaTokenForFirebaseToken" {"metadata":{"emulator":{"name":"functions"},"function":{"name":"us-central1-exchangeOktaTokenForFirebaseToken"},"extension":{},"message":"Beginning execution of \"exchangeOktaTokenForFirebaseToken\""}}
[debug] [2022-03-24T17:43:11.296Z] [runtime-status] [23280] Running exchangeOktaTokenForFirebaseToken in signature http {"metadata":{"emulator":{"name":"functions"},"function":{"name":"us-central1-exchangeOktaTokenForFirebaseToken"},"extension":{},"message":"[runtime-status] [23280] Running exchangeOktaTokenForFirebaseToken in signature http"}}
[debug] [2022-03-24T17:43:11.300Z] [runtime-status] [23280] Attempting to listen to socketPath: \\?\pipe\C:\Users\nikol\Documents\Okta\Firebase\Private\okta-firebase\functions\23280 {"metadata":{"emulator":{"name":"functions"},"function":{"name":"us-central1-exchangeOktaTokenForFirebaseToken"},"extension":{},"message":"[runtime-status] [23280] Attempting to listen to socketPath: \\\\?\\pipe\\C:\\Users\\nikol\\Documents\\Okta\\Firebase\\Private\\okta-firebase\\functions\\23280"}}
[debug] [2022-03-24T17:43:11.305Z] [functions] Runtime ready! Sending request! {"metadata":{"emulator":{"name":"functions"},"message":"[functions] Runtime ready! Sending request!"}}
[debug] [2022-03-24T17:43:11.305Z] [functions] Got req.url=/okta-firebase-7fe75/us-central1/exchangeOktaTokenForFirebaseToken, mapping to path=/ {"metadata":{"emulator":{"name":"functions"},"message":"[functions] Got req.url=/okta-firebase-7fe75/us-central1/exchangeOktaTokenForFirebaseToken, mapping to path=/"}}
[debug] [2022-03-24T17:43:11.312Z] [runtime-status] [23280] Ephemeral server handling OPTIONS request {"metadata":{"emulator":{"name":"functions"},"function":{"name":"us-central1-exchangeOktaTokenForFirebaseToken"},"extension":{},"message":"[runtime-status] [23280] Ephemeral server handling OPTIONS request"}}
[debug] [2022-03-24T17:43:11.318Z] [runtime-status] [23280] Ephemeral server survived. {"metadata":{"emulator":{"name":"functions"},"function":{"name":"us-central1-exchangeOktaTokenForFirebaseToken"},"extension":{},"message":"[runtime-status] [23280] Ephemeral server survived."}}
[info] i  functions: Finished "exchangeOktaTokenForFirebaseToken" in ~1s {"metadata":{"emulator":{"name":"functions"},"function":{"name":"us-central1-exchangeOktaTokenForFirebaseToken"},"extension":{},"message":"Finished \"exchangeOktaTokenForFirebaseToken\" in ~1s"}}
[debug] [2022-03-24T17:43:11.321Z] [worker-us-central1-exchangeOktaTokenForFirebaseToken-6359c35b-1c40-470f-947d-9e5cb0c7d9d9]: IDLE {"metadata":{"emulator":{"name":"functions"},"message":"[worker-us-central1-exchangeOktaTokenForFirebaseToken-6359c35b-1c40-470f-947d-9e5cb0c7d9d9]: IDLE"}}
[debug] [2022-03-24T17:43:11.322Z] [work-queue] {"queueLength":0,"workRunningCount":0}
[debug] [2022-03-24T17:43:11.327Z] [work-queue] {"queueLength":1,"workRunningCount":0}
[debug] [2022-03-24T17:43:11.327Z] [work-queue] {"queueLength":0,"workRunningCount":1}
[debug] [2022-03-24T17:43:11.327Z] Accepted request POST /okta-firebase-7fe75/us-central1/exchangeOktaTokenForFirebaseToken --> us-central1-exchangeOktaTokenForFirebaseToken
[debug] [2022-03-24T17:43:11.328Z] ID Token: eyJhbGciOiJSUzI1NiIsImtpZCI6ImIwNmExMTkxNThlOGIyODIxNzE0MThhNjdkZWE4Mzc0MGI1ZWU3N2UiLCJ0eXAiOiJKV1QifQ.eyJpc3MiOiJodHRwczovL3NlY3VyZXRva2VuLmdvb2dsZS5jb20vb2t0YS1maXJlYmFzZS03ZmU3NSIsImF1ZCI6Im9rdGEtZmlyZWJhc2UtN2ZlNzUiLCJhdXRoX3RpbWUiOjE2NDgxNDM3MDcsInVzZXJfaWQiOiIwMHUxa3RpOW5jTzBhNzREYzM1NyIsInN1YiI6IjAwdTFrdGk5bmNPMGE3NERjMzU3IiwiaWF0IjoxNjQ4MTQzNzA3LCJleHAiOjE2NDgxNDczMDcsImZpcmViYXNlIjp7ImlkZW50aXRpZXMiOnt9LCJzaWduX2luX3Byb3ZpZGVyIjoiY3VzdG9tIn19.XXjt4iyUNI9nkaDRZVTlP9wc0sLuY7ro2lkmYMiWEzwWCrDMQoHInqWxP67vvPLa-umeDtuOs_T4-WEl7z3iLOfewE_O0nxC5cpXx2SUU_wz4tVrcZpSL6-LoVsYxdy4pqoI_kE3YhdqSuYO_KqYtXJNr8utOr4WEz9fsCnv32h8Ykr_8nQZkES1_Q83tmZgm2wKxuxREOVDJL9nG5Rc4dAplQtqT9sLzSDSckN-DY2GtSlLfr0fW59C1bRWBLV4OvGM0Y-P3ZdiyYsrhRshQmKQRQSY8qjirxywqsYvlM4c_yBSqdk0Yc_fWemNDfyWe1156ddM20PI3OOm1iZWtA
[debug] [2022-03-24T17:43:11.329Z] [worker-pool] submitWork(triggerId=us-central1-exchangeOktaTokenForFirebaseToken) {"metadata":{"emulator":{"name":"functions"},"message":"[worker-pool] submitWork(triggerId=us-central1-exchangeOktaTokenForFirebaseToken)"}}
[debug] [2022-03-24T17:43:11.329Z] [worker-us-central1-exchangeOktaTokenForFirebaseToken-6359c35b-1c40-470f-947d-9e5cb0c7d9d9]: Assigning socketPath: \\?\pipe\C:\Users\nikol\Documents\Okta\Firebase\Private\okta-firebase\functions\23280 {"metadata":{"emulator":{"name":"functions"},"message":"[worker-us-central1-exchangeOktaTokenForFirebaseToken-6359c35b-1c40-470f-947d-9e5cb0c7d9d9]: Assigning socketPath: \\\\?\\pipe\\C:\\Users\\nikol\\Documents\\Okta\\Firebase\\Private\\okta-firebase\\functions\\23280"}}
[debug] [2022-03-24T17:43:11.329Z] [worker-us-central1-exchangeOktaTokenForFirebaseToken-6359c35b-1c40-470f-947d-9e5cb0c7d9d9]: BUSY {"metadata":{"emulator":{"name":"functions"},"message":"[worker-us-central1-exchangeOktaTokenForFirebaseToken-6359c35b-1c40-470f-947d-9e5cb0c7d9d9]: BUSY"}}
[debug] [2022-03-24T17:43:11.331Z] [runtime-status] [23280] Beginning invocation function exchangeOktaTokenForFirebaseToken! {"metadata":{"emulator":{"name":"functions"},"function":{"name":"us-central1-exchangeOktaTokenForFirebaseToken"},"extension":{},"message":"[runtime-status] [23280] Beginning invocation function exchangeOktaTokenForFirebaseToken!"}}
[info] i  functions: Beginning execution of "exchangeOktaTokenForFirebaseToken" {"metadata":{"emulator":{"name":"functions"},"function":{"name":"us-central1-exchangeOktaTokenForFirebaseToken"},"extension":{},"message":"Beginning execution of \"exchangeOktaTokenForFirebaseToken\""}}
[debug] [2022-03-24T17:43:11.333Z] [runtime-status] [23280] Running exchangeOktaTokenForFirebaseToken in signature http {"metadata":{"emulator":{"name":"functions"},"function":{"name":"us-central1-exchangeOktaTokenForFirebaseToken"},"extension":{},"message":"[runtime-status] [23280] Running exchangeOktaTokenForFirebaseToken in signature http"}}
[debug] [2022-03-24T17:43:11.333Z] [runtime-status] [23280] Attempting to listen to socketPath: \\?\pipe\C:\Users\nikol\Documents\Okta\Firebase\Private\okta-firebase\functions\23280 {"metadata":{"emulator":{"name":"functions"},"function":{"name":"us-central1-exchangeOktaTokenForFirebaseToken"},"extension":{},"message":"[runtime-status] [23280] Attempting to listen to socketPath: \\\\?\\pipe\\C:\\Users\\nikol\\Documents\\Okta\\Firebase\\Private\\okta-firebase\\functions\\23280"}}
[debug] [2022-03-24T17:43:11.335Z] [functions] Runtime ready! Sending request! {"metadata":{"emulator":{"name":"functions"},"message":"[functions] Runtime ready! Sending request!"}}
[debug] [2022-03-24T17:43:11.336Z] [functions] Got req.url=/okta-firebase-7fe75/us-central1/exchangeOktaTokenForFirebaseToken, mapping to path=/ {"metadata":{"emulator":{"name":"functions"},"message":"[functions] Got req.url=/okta-firebase-7fe75/us-central1/exchangeOktaTokenForFirebaseToken, mapping to path=/"}}
[debug] [2022-03-24T17:43:11.353Z] [runtime-status] [23280] Ephemeral server handling POST request {"metadata":{"emulator":{"name":"functions"},"function":{"name":"us-central1-exchangeOktaTokenForFirebaseToken"},"extension":{},"message":"[runtime-status] [23280] Ephemeral server handling POST request"}}
[info] >  {"verifications":{"app":"MISSING","auth":"MISSING"},"logging.googleapis.com/labels":{"firebase-log-type":"callable-request-verification"},"severity":"INFO","message":"Callable request verification passed"} {"user":{"verifications":{"app":"MISSING","auth":"MISSING"},"logging.googleapis.com/labels":{"firebase-log-type":"callable-request-verification"},"severity":"INFO","message":"Callable request verification passed"},"metadata":{"emulator":{"name":"functions"},"function":{"name":"us-central1-exchangeOktaTokenForFirebaseToken"},"extension":{},"message":"\u001b[90m> \u001b[39m {\"verifications\":{\"app\":\"MISSING\",\"auth\":\"MISSING\"},\"logging.googleapis.com/labels\":{\"firebase-log-type\":\"callable-request-verification\"},\"severity\":\"INFO\",\"message\":\"Callable request verification passed\"}"}}
[debug] [2022-03-24T17:43:11.356Z] [runtime-status] [23280] Callable functions auth override {"key":"x-callable-context-auth","value":"%7B%22uid%22%3A%2200u1kti9ncO0a74Dc357%22%2C%22token%22%3A%7B%22iss%22%3A%22https%3A%2F%2Fsecuretoken.google.com%2Fokta-firebase-7fe75%22%2C%22aud%22%3A%22okta-firebase-7fe75%22%2C%22auth_time%22%3A1648143707%2C%22user_id%22%3A%2200u1kti9ncO0a74Dc357%22%2C%22sub%22%3A%2200u1kti9ncO0a74Dc357%22%2C%22iat%22%3A1648143707%2C%22exp%22%3A1648147307%2C%22firebase%22%3A%7B%22identities%22%3A%7B%7D%2C%22sign_in_provider%22%3A%22custom%22%7D%2C%22uid%22%3A%2200u1kti9ncO0a74Dc357%22%7D%7D"} {"metadata":{"emulator":{"name":"functions"},"function":{"name":"us-central1-exchangeOktaTokenForFirebaseToken"},"extension":{},"message":"[runtime-status] [23280] Callable functions auth override {\"key\":\"x-callable-context-auth\",\"value\":\"%7B%22uid%22%3A%2200u1kti9ncO0a74Dc357%22%2C%22token%22%3A%7B%22iss%22%3A%22https%3A%2F%2Fsecuretoken.google.com%2Fokta-firebase-7fe75%22%2C%22aud%22%3A%22okta-firebase-7fe75%22%2C%22auth_time%22%3A1648143707%2C%22user_id%22%3A%2200u1kti9ncO0a74Dc357%22%2C%22sub%22%3A%2200u1kti9ncO0a74Dc357%22%2C%22iat%22%3A1648143707%2C%22exp%22%3A1648147307%2C%22firebase%22%3A%7B%22identities%22%3A%7B%7D%2C%22sign_in_provider%22%3A%22custom%22%7D%2C%22uid%22%3A%2200u1kti9ncO0a74Dc357%22%7D%7D\"}"}}
[info] >  { {"user":"{","metadata":{"emulator":{"name":"functions"},"function":{"name":"us-central1-exchangeOktaTokenForFirebaseToken"},"extension":{},"message":"\u001b[90m> \u001b[39m {"}}
[info] >    ALLUSERSPROFILE: 'C:\\ProgramData', {"user":"  ALLUSERSPROFILE: 'C:\\\\ProgramData',","metadata":{"emulator":{"name":"functions"},"function":{"name":"us-central1-exchangeOktaTokenForFirebaseToken"},"extension":{},"message":"\u001b[90m> \u001b[39m   ALLUSERSPROFILE: 'C:\\\\ProgramData',"}}
[info] >    APPDATA: 'C:\\Users\\nikol\\AppData\\Roaming', {"user":"  APPDATA: 'C:\\\\Users\\\\nikol\\\\AppData\\\\Roaming',","metadata":{"emulator":{"name":"functions"},"function":{"name":"us-central1-exchangeOktaTokenForFirebaseToken"},"extension":{},"message":"\u001b[90m> \u001b[39m   APPDATA: 'C:\\\\Users\\\\nikol\\\\AppData\\\\Roaming',"}}
[info] >    ChocolateyInstall: 'C:\\ProgramData\\chocolatey', {"user":"  ChocolateyInstall: 'C:\\\\ProgramData\\\\chocolatey',","metadata":{"emulator":{"name":"functions"},"function":{"name":"us-central1-exchangeOktaTokenForFirebaseToken"},"extension":{},"message":"\u001b[90m> \u001b[39m   ChocolateyInstall: 'C:\\\\ProgramData\\\\chocolatey',"}}
[info] >    ChocolateyLastPathUpdate: '132545929083657017', {"user":"  ChocolateyLastPathUpdate: '132545929083657017',","metadata":{"emulator":{"name":"functions"},"function":{"name":"us-central1-exchangeOktaTokenForFirebaseToken"},"extension":{},"message":"\u001b[90m> \u001b[39m   ChocolateyLastPathUpdate: '132545929083657017',"}}
[info] >    CHROME_CRASHPAD_PIPE_NAME: '\\\\.\\pipe\\crashpad_6952_BZJLUMROGZQVPUNN', {"user":"  CHROME_CRASHPAD_PIPE_NAME: '\\\\\\\\.\\\\pipe\\\\crashpad_6952_BZJLUMROGZQVPUNN',","metadata":{"emulator":{"name":"functions"},"function":{"name":"us-central1-exchangeOktaTokenForFirebaseToken"},"extension":{},"message":"\u001b[90m> \u001b[39m   CHROME_CRASHPAD_PIPE_NAME: '\\\\\\\\.\\\\pipe\\\\crashpad_6952_BZJLUMROGZQVPUNN',"}}
[info] >    COLORTERM: 'truecolor', {"user":"  COLORTERM: 'truecolor',","metadata":{"emulator":{"name":"functions"},"function":{"name":"us-central1-exchangeOktaTokenForFirebaseToken"},"extension":{},"message":"\u001b[90m> \u001b[39m   COLORTERM: 'truecolor',"}}
[info] >    CommonProgramFiles: 'C:\\Program Files\\Common Files', {"user":"  CommonProgramFiles: 'C:\\\\Program Files\\\\Common Files',","metadata":{"emulator":{"name":"functions"},"function":{"name":"us-central1-exchangeOktaTokenForFirebaseToken"},"extension":{},"message":"\u001b[90m> \u001b[39m   CommonProgramFiles: 'C:\\\\Program Files\\\\Common Files',"}}
[info] >    'CommonProgramFiles(x86)': 'C:\\Program Files (x86)\\Common Files', {"user":"  'CommonProgramFiles(x86)': 'C:\\\\Program Files (x86)\\\\Common Files',","metadata":{"emulator":{"name":"functions"},"function":{"name":"us-central1-exchangeOktaTokenForFirebaseToken"},"extension":{},"message":"\u001b[90m> \u001b[39m   'CommonProgramFiles(x86)': 'C:\\\\Program Files (x86)\\\\Common Files',"}}
[info] >    CommonProgramW6432: 'C:\\Program Files\\Common Files', {"user":"  CommonProgramW6432: 'C:\\\\Program Files\\\\Common Files',","metadata":{"emulator":{"name":"functions"},"function":{"name":"us-central1-exchangeOktaTokenForFirebaseToken"},"extension":{},"message":"\u001b[90m> \u001b[39m   CommonProgramW6432: 'C:\\\\Program Files\\\\Common Files',"}}
[info] >    COMPUTERNAME: 'DESKTOP-HPEK290', {"user":"  COMPUTERNAME: 'DESKTOP-HPEK290',","metadata":{"emulator":{"name":"functions"},"function":{"name":"us-central1-exchangeOktaTokenForFirebaseToken"},"extension":{},"message":"\u001b[90m> \u001b[39m   COMPUTERNAME: 'DESKTOP-HPEK290',"}}
[info] >    ComSpec: 'C:\\WINDOWS\\system32\\cmd.exe', {"user":"  ComSpec: 'C:\\\\WINDOWS\\\\system32\\\\cmd.exe',","metadata":{"emulator":{"name":"functions"},"function":{"name":"us-central1-exchangeOktaTokenForFirebaseToken"},"extension":{},"message":"\u001b[90m> \u001b[39m   ComSpec: 'C:\\\\WINDOWS\\\\system32\\\\cmd.exe',"}}
[info] >    DriverData: 'C:\\Windows\\System32\\Drivers\\DriverData', {"user":"  DriverData: 'C:\\\\Windows\\\\System32\\\\Drivers\\\\DriverData',","metadata":{"emulator":{"name":"functions"},"function":{"name":"us-central1-exchangeOktaTokenForFirebaseToken"},"extension":{},"message":"\u001b[90m> \u001b[39m   DriverData: 'C:\\\\Windows\\\\System32\\\\Drivers\\\\DriverData',"}}
[info] >    FIREBASE_CONFIG: '{"storageBucket":"okta-firebase-7fe75.appspot.com","projectId":"okta-firebase-7fe75"}', {"user":"  FIREBASE_CONFIG: '{\"storageBucket\":\"okta-firebase-7fe75.appspot.com\",\"projectId\":\"okta-firebase-7fe75\"}',","metadata":{"emulator":{"name":"functions"},"function":{"name":"us-central1-exchangeOktaTokenForFirebaseToken"},"extension":{},"message":"\u001b[90m> \u001b[39m   FIREBASE_CONFIG: '{\"storageBucket\":\"okta-firebase-7fe75.appspot.com\",\"projectId\":\"okta-firebase-7fe75\"}',"}}
[info] >    FIREBASE_DEBUG_FEATURES: '{"skipTokenVerification":true}', {"user":"  FIREBASE_DEBUG_FEATURES: '{\"skipTokenVerification\":true}',","metadata":{"emulator":{"name":"functions"},"function":{"name":"us-central1-exchangeOktaTokenForFirebaseToken"},"extension":{},"message":"\u001b[90m> \u001b[39m   FIREBASE_DEBUG_FEATURES: '{\"skipTokenVerification\":true}',"}}
[info] >    FIREBASE_DEBUG_MODE: 'true', {"user":"  FIREBASE_DEBUG_MODE: 'true',","metadata":{"emulator":{"name":"functions"},"function":{"name":"us-central1-exchangeOktaTokenForFirebaseToken"},"extension":{},"message":"\u001b[90m> \u001b[39m   FIREBASE_DEBUG_MODE: 'true',"}}
[info] >    FUNCTIONS_EMULATOR: 'true', {"user":"  FUNCTIONS_EMULATOR: 'true',","metadata":{"emulator":{"name":"functions"},"function":{"name":"us-central1-exchangeOktaTokenForFirebaseToken"},"extension":{},"message":"\u001b[90m> \u001b[39m   FUNCTIONS_EMULATOR: 'true',"}}
[info] >    FUNCTION_SIGNATURE_TYPE: 'http', {"user":"  FUNCTION_SIGNATURE_TYPE: 'http',","metadata":{"emulator":{"name":"functions"},"function":{"name":"us-central1-exchangeOktaTokenForFirebaseToken"},"extension":{},"message":"\u001b[90m> \u001b[39m   FUNCTION_SIGNATURE_TYPE: 'http',"}}
[info] >    FUNCTION_TARGET: 'exchangeOktaTokenForFirebaseToken', {"user":"  FUNCTION_TARGET: 'exchangeOktaTokenForFirebaseToken',","metadata":{"emulator":{"name":"functions"},"function":{"name":"us-central1-exchangeOktaTokenForFirebaseToken"},"extension":{},"message":"\u001b[90m> \u001b[39m   FUNCTION_TARGET: 'exchangeOktaTokenForFirebaseToken',"}}
[info] >    GCLOUD_PROJECT: 'okta-firebase-7fe75', {"user":"  GCLOUD_PROJECT: 'okta-firebase-7fe75',","metadata":{"emulator":{"name":"functions"},"function":{"name":"us-central1-exchangeOktaTokenForFirebaseToken"},"extension":{},"message":"\u001b[90m> \u001b[39m   GCLOUD_PROJECT: 'okta-firebase-7fe75',"}}
[info] >    GIT_ASKPASS: 'c:\\Users\\nikol\\AppData\\Local\\Programs\\Microsoft VS Code\\resources\\app\\extensions\\git\\dist\\askpass.sh', {"user":"  GIT_ASKPASS: 'c:\\\\Users\\\\nikol\\\\AppData\\\\Local\\\\Programs\\\\Microsoft VS Code\\\\resources\\\\app\\\\extensions\\\\git\\\\dist\\\\askpass.sh',","metadata":{"emulator":{"name":"functions"},"function":{"name":"us-central1-exchangeOktaTokenForFirebaseToken"},"extension":{},"message":"\u001b[90m> \u001b[39m   GIT_ASKPASS: 'c:\\\\Users\\\\nikol\\\\AppData\\\\Local\\\\Programs\\\\Microsoft VS Code\\\\resources\\\\app\\\\extensions\\\\git\\\\dist\\\\askpass.sh',"}}
[info] >    GOOGLE_APPLICATION_CREDENTIALS: 'C:\\Users\\nikol\\AppData\\Roaming\\firebase\\nikolifish_gmail_com_application_default_credentials.json', {"user":"  GOOGLE_APPLICATION_CREDENTIALS: 'C:\\\\Users\\\\nikol\\\\AppData\\\\Roaming\\\\firebase\\\\nikolifish_gmail_com_application_default_credentials.json',","metadata":{"emulator":{"name":"functions"},"function":{"name":"us-central1-exchangeOktaTokenForFirebaseToken"},"extension":{},"message":"\u001b[90m> \u001b[39m   GOOGLE_APPLICATION_CREDENTIALS: 'C:\\\\Users\\\\nikol\\\\AppData\\\\Roaming\\\\firebase\\\\nikolifish_gmail_com_application_default_credentials.json',"}}
[info] >    HOMEDRIVE: 'C:', {"user":"  HOMEDRIVE: 'C:',","metadata":{"emulator":{"name":"functions"},"function":{"name":"us-central1-exchangeOktaTokenForFirebaseToken"},"extension":{},"message":"\u001b[90m> \u001b[39m   HOMEDRIVE: 'C:',"}}
[info] >    HOMEPATH: '\\Users\\nikol', {"user":"  HOMEPATH: '\\\\Users\\\\nikol',","metadata":{"emulator":{"name":"functions"},"function":{"name":"us-central1-exchangeOktaTokenForFirebaseToken"},"extension":{},"message":"\u001b[90m> \u001b[39m   HOMEPATH: '\\\\Users\\\\nikol',"}}
[info] >    IS_FIREBASE_CLI: 'true', {"user":"  IS_FIREBASE_CLI: 'true',","metadata":{"emulator":{"name":"functions"},"function":{"name":"us-central1-exchangeOktaTokenForFirebaseToken"},"extension":{},"message":"\u001b[90m> \u001b[39m   IS_FIREBASE_CLI: 'true',"}}
[info] >    K_REVISION: '1', {"user":"  K_REVISION: '1',","metadata":{"emulator":{"name":"functions"},"function":{"name":"us-central1-exchangeOktaTokenForFirebaseToken"},"extension":{},"message":"\u001b[90m> \u001b[39m   K_REVISION: '1',"}}
[info] >    K_SERVICE: 'exchangeOktaTokenForFirebaseToken', {"user":"  K_SERVICE: 'exchangeOktaTokenForFirebaseToken',","metadata":{"emulator":{"name":"functions"},"function":{"name":"us-central1-exchangeOktaTokenForFirebaseToken"},"extension":{},"message":"\u001b[90m> \u001b[39m   K_SERVICE: 'exchangeOktaTokenForFirebaseToken',"}}
[info] >    LANG: 'en_US.UTF-8', {"user":"  LANG: 'en_US.UTF-8',","metadata":{"emulator":{"name":"functions"},"function":{"name":"us-central1-exchangeOktaTokenForFirebaseToken"},"extension":{},"message":"\u001b[90m> \u001b[39m   LANG: 'en_US.UTF-8',"}}
[info] >    LOCALAPPDATA: 'C:\\Users\\nikol\\AppData\\Local', {"user":"  LOCALAPPDATA: 'C:\\\\Users\\\\nikol\\\\AppData\\\\Local',","metadata":{"emulator":{"name":"functions"},"function":{"name":"us-central1-exchangeOktaTokenForFirebaseToken"},"extension":{},"message":"\u001b[90m> \u001b[39m   LOCALAPPDATA: 'C:\\\\Users\\\\nikol\\\\AppData\\\\Local',"}}
[info] >    LOGONSERVER: '\\\\DESKTOP-HPEK290', {"user":"  LOGONSERVER: '\\\\\\\\DESKTOP-HPEK290',","metadata":{"emulator":{"name":"functions"},"function":{"name":"us-central1-exchangeOktaTokenForFirebaseToken"},"extension":{},"message":"\u001b[90m> \u001b[39m   LOGONSERVER: '\\\\\\\\DESKTOP-HPEK290',"}}
[info] >    MSMPI_BIN: 'C:\\Program Files\\Microsoft MPI\\Bin\\', {"user":"  MSMPI_BIN: 'C:\\\\Program Files\\\\Microsoft MPI\\\\Bin\\\\',","metadata":{"emulator":{"name":"functions"},"function":{"name":"us-central1-exchangeOktaTokenForFirebaseToken"},"extension":{},"message":"\u001b[90m> \u001b[39m   MSMPI_BIN: 'C:\\\\Program Files\\\\Microsoft MPI\\\\Bin\\\\',"}}
[info] >    node: 'C:\\Program Files\\nodejs\\node.exe', {"user":"  node: 'C:\\\\Program Files\\\\nodejs\\\\node.exe',","metadata":{"emulator":{"name":"functions"},"function":{"name":"us-central1-exchangeOktaTokenForFirebaseToken"},"extension":{},"message":"\u001b[90m> \u001b[39m   node: 'C:\\\\Program Files\\\\nodejs\\\\node.exe',"}}
[info] >    NUMBER_OF_PROCESSORS: '16', {"user":"  NUMBER_OF_PROCESSORS: '16',","metadata":{"emulator":{"name":"functions"},"function":{"name":"us-central1-exchangeOktaTokenForFirebaseToken"},"extension":{},"message":"\u001b[90m> \u001b[39m   NUMBER_OF_PROCESSORS: '16',"}}
[info] >    NVM_HOME: 'C:\\Users\\nikol\\AppData\\Roaming\\nvm', {"user":"  NVM_HOME: 'C:\\\\Users\\\\nikol\\\\AppData\\\\Roaming\\\\nvm',","metadata":{"emulator":{"name":"functions"},"function":{"name":"us-central1-exchangeOktaTokenForFirebaseToken"},"extension":{},"message":"\u001b[90m> \u001b[39m   NVM_HOME: 'C:\\\\Users\\\\nikol\\\\AppData\\\\Roaming\\\\nvm',"}}
[info] >    NVM_SYMLINK: 'C:\\Program Files\\nodejs', {"user":"  NVM_SYMLINK: 'C:\\\\Program Files\\\\nodejs',","metadata":{"emulator":{"name":"functions"},"function":{"name":"us-central1-exchangeOktaTokenForFirebaseToken"},"extension":{},"message":"\u001b[90m> \u001b[39m   NVM_SYMLINK: 'C:\\\\Program Files\\\\nodejs',"}}
[info] >    OneDrive: 'C:\\Users\\nikol\\OneDrive', {"user":"  OneDrive: 'C:\\\\Users\\\\nikol\\\\OneDrive',","metadata":{"emulator":{"name":"functions"},"function":{"name":"us-central1-exchangeOktaTokenForFirebaseToken"},"extension":{},"message":"\u001b[90m> \u001b[39m   OneDrive: 'C:\\\\Users\\\\nikol\\\\OneDrive',"}}
[info] >    OneDriveConsumer: 'C:\\Users\\nikol\\OneDrive', {"user":"  OneDriveConsumer: 'C:\\\\Users\\\\nikol\\\\OneDrive',","metadata":{"emulator":{"name":"functions"},"function":{"name":"us-central1-exchangeOktaTokenForFirebaseToken"},"extension":{},"message":"\u001b[90m> \u001b[39m   OneDriveConsumer: 'C:\\\\Users\\\\nikol\\\\OneDrive',"}}
[info] >    ORIGINAL_XDG_CURRENT_DESKTOP: 'undefined', {"user":"  ORIGINAL_XDG_CURRENT_DESKTOP: 'undefined',","metadata":{"emulator":{"name":"functions"},"function":{"name":"us-central1-exchangeOktaTokenForFirebaseToken"},"extension":{},"message":"\u001b[90m> \u001b[39m   ORIGINAL_XDG_CURRENT_DESKTOP: 'undefined',"}}
[info] >    OS: 'Windows_NT', {"user":"  OS: 'Windows_NT',","metadata":{"emulator":{"name":"functions"},"function":{"name":"us-central1-exchangeOktaTokenForFirebaseToken"},"extension":{},"message":"\u001b[90m> \u001b[39m   OS: 'Windows_NT',"}}
[info] >    Path: 'C:\\Program Files (x86)\\Common Files\\Oracle\\Java\\javapath;C:\\Program Files\\Microsoft MPI\\Bin\\;C:\\WINDOWS\\system32;C:\\WINDOWS;C:\\WINDOWS\\System32\\Wbem;C:\\WINDOWS\\System32\\WindowsPowerShell\\v1.0\\;C:\\WINDOWS\\System32\\OpenSSH\\;C:\\Program Files\\dotnet\\;C:\\Program Files\\Microsoft SQL Server\\130\\Tools\\Binn\\;C:\\Program Files\\Microsoft SQL Server\\Client SDK\\ODBC\\170\\Tools\\Binn\\;C:\\Users\\nikol\\.dnx\\bin;C:\\Program Files\\Microsoft DNX\\Dnvm\\;C:\\Program Files (x86)\\Microsoft SQL Server\\150\\Tools\\Binn\\;C:\\Program Files\\Microsoft SQL Server\\150\\Tools\\Binn\\;C:\\Program Files (x86)\\Microsoft SQL Server\\150\\DTS\\Binn\\;C:\\Program Files\\Microsoft SQL Server\\150\\DTS\\Binn\\;c:\\Program Files (x86)\\Microsoft SQL Server\\110\\Tools\\Binn\\;c:\\Program Files\\Microsoft SQL Server\\110\\Tools\\Binn\\;c:\\Program Files\\Microsoft SQL Server\\110\\DTS\\Binn\\;C:\\Program Files (x86)\\Microsoft SQL Server\\140\\Tools\\Binn\\;C:\\Program Files\\Microsoft SQL Server\\140\\Tools\\Binn\\;C:\\Program Files (x86)\\Microsoft SQL Server\\140\\DTS\\Binn\\;C:\\Program Files\\Microsoft SQL Server\\140\\DTS\\Binn\\;C:\\Program Files\\Microsoft SQL Server\\Client SDK\\ODBC\\130\\Tools\\Binn\\;C:\\Program Files (x86)\\Yarn\\bin\\;C:\\Program Files (x86)\\PuTTY\\;C:\\ProgramData\\chocolatey\\bin;C:\\Program Files\\Docker\\Docker\\resources\\bin;C:\\ProgramData\\DockerDesktop\\version-bin;C:\\Users\\nikol\\AppData\\Roaming\\nvm;C:\\Program Files\\nodejs;C:\\Program Files\\Git\\cmd;C:\\Ruby30-x64\\bin;C:\\Users\\nikol\\AppData\\Local\\Programs\\Python\\Python39\\Scripts\\;C:\\Users\\nikol\\AppData\\Local\\Programs\\Python\\Python39\\;C:\\Users\\nikol\\AppData\\Local\\Microsoft\\WindowsApps;C:\\Users\\nikol\\AppData\\Local\\Programs\\Microsoft VS Code\\bin;C:\\Users\\nikol\\.dotnet\\tools;C:\\Program Files\\heroku\\bin;C:\\Users\\nikol\\AppData\\Local\\Yarn\\bin;C:\\Users\\nikol\\AppData\\Local\\Microsoft\\WindowsApps;C:\\Users\\nikol\\.dotnet\\tools;C:\\Users\\nikol\\AppData\\Roaming\\nvm;C:\\Program Files\\nodejs', {"user":"  Path: 'C:\\\\Program Files (x86)\\\\Common Files\\\\Oracle\\\\Java\\\\javapath;C:\\\\Program Files\\\\Microsoft MPI\\\\Bin\\\\;C:\\\\WINDOWS\\\\system32;C:\\\\WINDOWS;C:\\\\WINDOWS\\\\System32\\\\Wbem;C:\\\\WINDOWS\\\\System32\\\\WindowsPowerShell\\\\v1.0\\\\;C:\\\\WINDOWS\\\\System32\\\\OpenSSH\\\\;C:\\\\Program Files\\\\dotnet\\\\;C:\\\\Program Files\\\\Microsoft SQL Server\\\\130\\\\Tools\\\\Binn\\\\;C:\\\\Program Files\\\\Microsoft SQL Server\\\\Client SDK\\\\ODBC\\\\170\\\\Tools\\\\Binn\\\\;C:\\\\Users\\\\nikol\\\\.dnx\\\\bin;C:\\\\Program Files\\\\Microsoft DNX\\\\Dnvm\\\\;C:\\\\Program Files (x86)\\\\Microsoft SQL Server\\\\150\\\\Tools\\\\Binn\\\\;C:\\\\Program Files\\\\Microsoft SQL Server\\\\150\\\\Tools\\\\Binn\\\\;C:\\\\Program Files (x86)\\\\Microsoft SQL Server\\\\150\\\\DTS\\\\Binn\\\\;C:\\\\Program Files\\\\Microsoft SQL Server\\\\150\\\\DTS\\\\Binn\\\\;c:\\\\Program Files (x86)\\\\Microsoft SQL Server\\\\110\\\\Tools\\\\Binn\\\\;c:\\\\Program Files\\\\Microsoft SQL Server\\\\110\\\\Tools\\\\Binn\\\\;c:\\\\Program Files\\\\Microsoft SQL Server\\\\110\\\\DTS\\\\Binn\\\\;C:\\\\Program Files (x86)\\\\Microsoft SQL Server\\\\140\\\\Tools\\\\Binn\\\\;C:\\\\Program Files\\\\Microsoft SQL Server\\\\140\\\\Tools\\\\Binn\\\\;C:\\\\Program Files (x86)\\\\Microsoft SQL Server\\\\140\\\\DTS\\\\Binn\\\\;C:\\\\Program Files\\\\Microsoft SQL Server\\\\140\\\\DTS\\\\Binn\\\\;C:\\\\Program Files\\\\Microsoft SQL Server\\\\Client SDK\\\\ODBC\\\\130\\\\Tools\\\\Binn\\\\;C:\\\\Program Files (x86)\\\\Yarn\\\\bin\\\\;C:\\\\Program Files (x86)\\\\PuTTY\\\\;C:\\\\ProgramData\\\\chocolatey\\\\bin;C:\\\\Program Files\\\\Docker\\\\Docker\\\\resources\\\\bin;C:\\\\ProgramData\\\\DockerDesktop\\\\version-bin;C:\\\\Users\\\\nikol\\\\AppData\\\\Roaming\\\\nvm;C:\\\\Program Files\\\\nodejs;C:\\\\Program Files\\\\Git\\\\cmd;C:\\\\Ruby30-x64\\\\bin;C:\\\\Users\\\\nikol\\\\AppData\\\\Local\\\\Programs\\\\Python\\\\Python39\\\\Scripts\\\\;C:\\\\Users\\\\nikol\\\\AppData\\\\Local\\\\Programs\\\\Python\\\\Python39\\\\;C:\\\\Users\\\\nikol\\\\AppData\\\\Local\\\\Microsoft\\\\WindowsApps;C:\\\\Users\\\\nikol\\\\AppData\\\\Local\\\\Programs\\\\Microsoft VS Code\\\\bin;C:\\\\Users\\\\nikol\\\\.dotnet\\\\tools;C:\\\\Program Files\\\\heroku\\\\bin;C:\\\\Users\\\\nikol\\\\AppData\\\\Local\\\\Yarn\\\\bin;C:\\\\Users\\\\nikol\\\\AppData\\\\Local\\\\Microsoft\\\\WindowsApps;C:\\\\Users\\\\nikol\\\\.dotnet\\\\tools;C:\\\\Users\\\\nikol\\\\AppData\\\\Roaming\\\\nvm;C:\\\\Program Files\\\\nodejs',","metadata":{"emulator":{"name":"functions"},"function":{"name":"us-central1-exchangeOktaTokenForFirebaseToken"},"extension":{},"message":"\u001b[90m> \u001b[39m   Path: 'C:\\\\Program Files (x86)\\\\Common Files\\\\Oracle\\\\Java\\\\javapath;C:\\\\Program Files\\\\Microsoft MPI\\\\Bin\\\\;C:\\\\WINDOWS\\\\system32;C:\\\\WINDOWS;C:\\\\WINDOWS\\\\System32\\\\Wbem;C:\\\\WINDOWS\\\\System32\\\\WindowsPowerShell\\\\v1.0\\\\;C:\\\\WINDOWS\\\\System32\\\\OpenSSH\\\\;C:\\\\Program Files\\\\dotnet\\\\;C:\\\\Program Files\\\\Microsoft SQL Server\\\\130\\\\Tools\\\\Binn\\\\;C:\\\\Program Files\\\\Microsoft SQL Server\\\\Client SDK\\\\ODBC\\\\170\\\\Tools\\\\Binn\\\\;C:\\\\Users\\\\nikol\\\\.dnx\\\\bin;C:\\\\Program Files\\\\Microsoft DNX\\\\Dnvm\\\\;C:\\\\Program Files (x86)\\\\Microsoft SQL Server\\\\150\\\\Tools\\\\Binn\\\\;C:\\\\Program Files\\\\Microsoft SQL Server\\\\150\\\\Tools\\\\Binn\\\\;C:\\\\Program Files (x86)\\\\Microsoft SQL Server\\\\150\\\\DTS\\\\Binn\\\\;C:\\\\Program Files\\\\Microsoft SQL Server\\\\150\\\\DTS\\\\Binn\\\\;c:\\\\Program Files (x86)\\\\Microsoft SQL Server\\\\110\\\\Tools\\\\Binn\\\\;c:\\\\Program Files\\\\Microsoft SQL Server\\\\110\\\\Tools\\\\Binn\\\\;c:\\\\Program Files\\\\Microsoft SQL Server\\\\110\\\\DTS\\\\Binn\\\\;C:\\\\Program Files (x86)\\\\Microsoft SQL Server\\\\140\\\\Tools\\\\Binn\\\\;C:\\\\Program Files\\\\Microsoft SQL Server\\\\140\\\\Tools\\\\Binn\\\\;C:\\\\Program Files (x86)\\\\Microsoft SQL Server\\\\140\\\\DTS\\\\Binn\\\\;C:\\\\Program Files\\\\Microsoft SQL Server\\\\140\\\\DTS\\\\Binn\\\\;C:\\\\Program Files\\\\Microsoft SQL Server\\\\Client SDK\\\\ODBC\\\\130\\\\Tools\\\\Binn\\\\;C:\\\\Program Files (x86)\\\\Yarn\\\\bin\\\\;C:\\\\Program Files (x86)\\\\PuTTY\\\\;C:\\\\ProgramData\\\\chocolatey\\\\bin;C:\\\\Program Files\\\\Docker\\\\Docker\\\\resources\\\\bin;C:\\\\ProgramData\\\\DockerDesktop\\\\version-bin;C:\\\\Users\\\\nikol\\\\AppData\\\\Roaming\\\\nvm;C:\\\\Program Files\\\\nodejs;C:\\\\Program Files\\\\Git\\\\cmd;C:\\\\Ruby30-x64\\\\bin;C:\\\\Users\\\\nikol\\\\AppData\\\\Local\\\\Programs\\\\Python\\\\Python39\\\\Scripts\\\\;C:\\\\Users\\\\nikol\\\\AppData\\\\Local\\\\Programs\\\\Python\\\\Python39\\\\;C:\\\\Users\\\\nikol\\\\AppData\\\\Local\\\\Microsoft\\\\WindowsApps;C:\\\\Users\\\\nikol\\\\AppData\\\\Local\\\\Programs\\\\Microsoft VS Code\\\\bin;C:\\\\Users\\\\nikol\\\\.dotnet\\\\tools;C:\\\\Program Files\\\\heroku\\\\bin;C:\\\\Users\\\\nikol\\\\AppData\\\\Local\\\\Yarn\\\\bin;C:\\\\Users\\\\nikol\\\\AppData\\\\Local\\\\Microsoft\\\\WindowsApps;C:\\\\Users\\\\nikol\\\\.dotnet\\\\tools;C:\\\\Users\\\\nikol\\\\AppData\\\\Roaming\\\\nvm;C:\\\\Program Files\\\\nodejs',"}}
[info] >    PATHEXT: '.COM;.EXE;.BAT;.CMD;.VBS;.VBE;.JS;.JSE;.WSF;.WSH;.MSC;.RB;.RBW;.CPL', {"user":"  PATHEXT: '.COM;.EXE;.BAT;.CMD;.VBS;.VBE;.JS;.JSE;.WSF;.WSH;.MSC;.RB;.RBW;.CPL',","metadata":{"emulator":{"name":"functions"},"function":{"name":"us-central1-exchangeOktaTokenForFirebaseToken"},"extension":{},"message":"\u001b[90m> \u001b[39m   PATHEXT: '.COM;.EXE;.BAT;.CMD;.VBS;.VBE;.JS;.JSE;.WSF;.WSH;.MSC;.RB;.RBW;.CPL',"}}
[info] >    PORT: '80', {"user":"  PORT: '80',","metadata":{"emulator":{"name":"functions"},"function":{"name":"us-central1-exchangeOktaTokenForFirebaseToken"},"extension":{},"message":"\u001b[90m> \u001b[39m   PORT: '80',"}}
[info] >    PROCESSOR_ARCHITECTURE: 'AMD64', {"user":"  PROCESSOR_ARCHITECTURE: 'AMD64',","metadata":{"emulator":{"name":"functions"},"function":{"name":"us-central1-exchangeOktaTokenForFirebaseToken"},"extension":{},"message":"\u001b[90m> \u001b[39m   PROCESSOR_ARCHITECTURE: 'AMD64',"}}
[info] >    PROCESSOR_IDENTIFIER: 'AMD64 Family 23 Model 1 Stepping 1, AuthenticAMD', {"user":"  PROCESSOR_IDENTIFIER: 'AMD64 Family 23 Model 1 Stepping 1, AuthenticAMD',","metadata":{"emulator":{"name":"functions"},"function":{"name":"us-central1-exchangeOktaTokenForFirebaseToken"},"extension":{},"message":"\u001b[90m> \u001b[39m   PROCESSOR_IDENTIFIER: 'AMD64 Family 23 Model 1 Stepping 1, AuthenticAMD',"}}
[info] >    PROCESSOR_LEVEL: '23', {"user":"  PROCESSOR_LEVEL: '23',","metadata":{"emulator":{"name":"functions"},"function":{"name":"us-central1-exchangeOktaTokenForFirebaseToken"},"extension":{},"message":"\u001b[90m> \u001b[39m   PROCESSOR_LEVEL: '23',"}}
[info] >    PROCESSOR_REVISION: '0101', {"user":"  PROCESSOR_REVISION: '0101',","metadata":{"emulator":{"name":"functions"},"function":{"name":"us-central1-exchangeOktaTokenForFirebaseToken"},"extension":{},"message":"\u001b[90m> \u001b[39m   PROCESSOR_REVISION: '0101',"}}
[info] >    ProgramData: 'C:\\ProgramData', {"user":"  ProgramData: 'C:\\\\ProgramData',","metadata":{"emulator":{"name":"functions"},"function":{"name":"us-central1-exchangeOktaTokenForFirebaseToken"},"extension":{},"message":"\u001b[90m> \u001b[39m   ProgramData: 'C:\\\\ProgramData',"}}
[info] >    ProgramFiles: 'C:\\Program Files', {"user":"  ProgramFiles: 'C:\\\\Program Files',","metadata":{"emulator":{"name":"functions"},"function":{"name":"us-central1-exchangeOktaTokenForFirebaseToken"},"extension":{},"message":"\u001b[90m> \u001b[39m   ProgramFiles: 'C:\\\\Program Files',"}}
[info] >    'ProgramFiles(x86)': 'C:\\Program Files (x86)', {"user":"  'ProgramFiles(x86)': 'C:\\\\Program Files (x86)',","metadata":{"emulator":{"name":"functions"},"function":{"name":"us-central1-exchangeOktaTokenForFirebaseToken"},"extension":{},"message":"\u001b[90m> \u001b[39m   'ProgramFiles(x86)': 'C:\\\\Program Files (x86)',"}}
[info] >    ProgramW6432: 'C:\\Program Files', {"user":"  ProgramW6432: 'C:\\\\Program Files',","metadata":{"emulator":{"name":"functions"},"function":{"name":"us-central1-exchangeOktaTokenForFirebaseToken"},"extension":{},"message":"\u001b[90m> \u001b[39m   ProgramW6432: 'C:\\\\Program Files',"}}
[info] >    PSExecutionPolicyPreference: 'Bypass', {"user":"  PSExecutionPolicyPreference: 'Bypass',","metadata":{"emulator":{"name":"functions"},"function":{"name":"us-central1-exchangeOktaTokenForFirebaseToken"},"extension":{},"message":"\u001b[90m> \u001b[39m   PSExecutionPolicyPreference: 'Bypass',"}}
[info] >    PSModulePath: 'C:\\Users\\nikol\\Documents\\WindowsPowerShell\\Modules;C:\\Program Files\\WindowsPowerShell\\Modules;C:\\WINDOWS\\system32\\WindowsPowerShell\\v1.0\\Modules;C:\\Program Files (x86)\\Microsoft SQL Server\\150\\Tools\\PowerShell\\Modules\\;c:\\Program Files (x86)\\Microsoft SQL Server\\110\\Tools\\PowerShell\\Modules\\;C:\\Program Files (x86)\\Microsoft SQL Server\\140\\Tools\\PowerShell\\Modules\\', {"user":"  PSModulePath: 'C:\\\\Users\\\\nikol\\\\Documents\\\\WindowsPowerShell\\\\Modules;C:\\\\Program Files\\\\WindowsPowerShell\\\\Modules;C:\\\\WINDOWS\\\\system32\\\\WindowsPowerShell\\\\v1.0\\\\Modules;C:\\\\Program Files (x86)\\\\Microsoft SQL Server\\\\150\\\\Tools\\\\PowerShell\\\\Modules\\\\;c:\\\\Program Files (x86)\\\\Microsoft SQL Server\\\\110\\\\Tools\\\\PowerShell\\\\Modules\\\\;C:\\\\Program Files (x86)\\\\Microsoft SQL Server\\\\140\\\\Tools\\\\PowerShell\\\\Modules\\\\',","metadata":{"emulator":{"name":"functions"},"function":{"name":"us-central1-exchangeOktaTokenForFirebaseToken"},"extension":{},"message":"\u001b[90m> \u001b[39m   PSModulePath: 'C:\\\\Users\\\\nikol\\\\Documents\\\\WindowsPowerShell\\\\Modules;C:\\\\Program Files\\\\WindowsPowerShell\\\\Modules;C:\\\\WINDOWS\\\\system32\\\\WindowsPowerShell\\\\v1.0\\\\Modules;C:\\\\Program Files (x86)\\\\Microsoft SQL Server\\\\150\\\\Tools\\\\PowerShell\\\\Modules\\\\;c:\\\\Program Files (x86)\\\\Microsoft SQL Server\\\\110\\\\Tools\\\\PowerShell\\\\Modules\\\\;C:\\\\Program Files (x86)\\\\Microsoft SQL Server\\\\140\\\\Tools\\\\PowerShell\\\\Modules\\\\',"}}
[info] >    PUBLIC: 'C:\\Users\\Public', {"user":"  PUBLIC: 'C:\\\\Users\\\\Public',","metadata":{"emulator":{"name":"functions"},"function":{"name":"us-central1-exchangeOktaTokenForFirebaseToken"},"extension":{},"message":"\u001b[90m> \u001b[39m   PUBLIC: 'C:\\\\Users\\\\Public',"}}
[info] >    SESSIONNAME: 'Console', {"user":"  SESSIONNAME: 'Console',","metadata":{"emulator":{"name":"functions"},"function":{"name":"us-central1-exchangeOktaTokenForFirebaseToken"},"extension":{},"message":"\u001b[90m> \u001b[39m   SESSIONNAME: 'Console',"}}
[info] >    SystemDrive: 'C:', {"user":"  SystemDrive: 'C:',","metadata":{"emulator":{"name":"functions"},"function":{"name":"us-central1-exchangeOktaTokenForFirebaseToken"},"extension":{},"message":"\u001b[90m> \u001b[39m   SystemDrive: 'C:',"}}
[info] >    SystemRoot: 'C:\\WINDOWS', {"user":"  SystemRoot: 'C:\\\\WINDOWS',","metadata":{"emulator":{"name":"functions"},"function":{"name":"us-central1-exchangeOktaTokenForFirebaseToken"},"extension":{},"message":"\u001b[90m> \u001b[39m   SystemRoot: 'C:\\\\WINDOWS',"}}
[info] >    TEMP: 'C:\\Users\\nikol\\AppData\\Local\\Temp', {"user":"  TEMP: 'C:\\\\Users\\\\nikol\\\\AppData\\\\Local\\\\Temp',","metadata":{"emulator":{"name":"functions"},"function":{"name":"us-central1-exchangeOktaTokenForFirebaseToken"},"extension":{},"message":"\u001b[90m> \u001b[39m   TEMP: 'C:\\\\Users\\\\nikol\\\\AppData\\\\Local\\\\Temp',"}}
[info] >    TERM_PROGRAM: 'vscode', {"user":"  TERM_PROGRAM: 'vscode',","metadata":{"emulator":{"name":"functions"},"function":{"name":"us-central1-exchangeOktaTokenForFirebaseToken"},"extension":{},"message":"\u001b[90m> \u001b[39m   TERM_PROGRAM: 'vscode',"}}
[info] >    TERM_PROGRAM_VERSION: '1.65.2', {"user":"  TERM_PROGRAM_VERSION: '1.65.2',","metadata":{"emulator":{"name":"functions"},"function":{"name":"us-central1-exchangeOktaTokenForFirebaseToken"},"extension":{},"message":"\u001b[90m> \u001b[39m   TERM_PROGRAM_VERSION: '1.65.2',"}}
[info] >    TMP: 'C:\\Users\\nikol\\AppData\\Local\\Temp', {"user":"  TMP: 'C:\\\\Users\\\\nikol\\\\AppData\\\\Local\\\\Temp',","metadata":{"emulator":{"name":"functions"},"function":{"name":"us-central1-exchangeOktaTokenForFirebaseToken"},"extension":{},"message":"\u001b[90m> \u001b[39m   TMP: 'C:\\\\Users\\\\nikol\\\\AppData\\\\Local\\\\Temp',"}}
[info] >    TZ: 'UTC', {"user":"  TZ: 'UTC',","metadata":{"emulator":{"name":"functions"},"function":{"name":"us-central1-exchangeOktaTokenForFirebaseToken"},"extension":{},"message":"\u001b[90m> \u001b[39m   TZ: 'UTC',"}}
[info] >    USERDOMAIN: 'DESKTOP-HPEK290', {"user":"  USERDOMAIN: 'DESKTOP-HPEK290',","metadata":{"emulator":{"name":"functions"},"function":{"name":"us-central1-exchangeOktaTokenForFirebaseToken"},"extension":{},"message":"\u001b[90m> \u001b[39m   USERDOMAIN: 'DESKTOP-HPEK290',"}}
[info] >    USERDOMAIN_ROAMINGPROFILE: 'DESKTOP-HPEK290', {"user":"  USERDOMAIN_ROAMINGPROFILE: 'DESKTOP-HPEK290',","metadata":{"emulator":{"name":"functions"},"function":{"name":"us-central1-exchangeOktaTokenForFirebaseToken"},"extension":{},"message":"\u001b[90m> \u001b[39m   USERDOMAIN_ROAMINGPROFILE: 'DESKTOP-HPEK290',"}}
[info] >    USERNAME: 'nikol', {"user":"  USERNAME: 'nikol',","metadata":{"emulator":{"name":"functions"},"function":{"name":"us-central1-exchangeOktaTokenForFirebaseToken"},"extension":{},"message":"\u001b[90m> \u001b[39m   USERNAME: 'nikol',"}}
[info] >    USERPROFILE: 'C:\\Users\\nikol', {"user":"  USERPROFILE: 'C:\\\\Users\\\\nikol',","metadata":{"emulator":{"name":"functions"},"function":{"name":"us-central1-exchangeOktaTokenForFirebaseToken"},"extension":{},"message":"\u001b[90m> \u001b[39m   USERPROFILE: 'C:\\\\Users\\\\nikol',"}}
[info] >    VS140COMNTOOLS: 'C:\\Program Files (x86)\\Microsoft Visual Studio 14.0\\Common7\\Tools\\', {"user":"  VS140COMNTOOLS: 'C:\\\\Program Files (x86)\\\\Microsoft Visual Studio 14.0\\\\Common7\\\\Tools\\\\',","metadata":{"emulator":{"name":"functions"},"function":{"name":"us-central1-exchangeOktaTokenForFirebaseToken"},"extension":{},"message":"\u001b[90m> \u001b[39m   VS140COMNTOOLS: 'C:\\\\Program Files (x86)\\\\Microsoft Visual Studio 14.0\\\\Common7\\\\Tools\\\\',"}}
[info] >    VSCODE_GIT_ASKPASS_EXTRA_ARGS: '--ms-enable-electron-run-as-node', {"user":"  VSCODE_GIT_ASKPASS_EXTRA_ARGS: '--ms-enable-electron-run-as-node',","metadata":{"emulator":{"name":"functions"},"function":{"name":"us-central1-exchangeOktaTokenForFirebaseToken"},"extension":{},"message":"\u001b[90m> \u001b[39m   VSCODE_GIT_ASKPASS_EXTRA_ARGS: '--ms-enable-electron-run-as-node',"}}
[info] >    VSCODE_GIT_ASKPASS_MAIN: 'c:\\Users\\nikol\\AppData\\Local\\Programs\\Microsoft VS Code\\resources\\app\\extensions\\git\\dist\\askpass-main.js', {"user":"  VSCODE_GIT_ASKPASS_MAIN: 'c:\\\\Users\\\\nikol\\\\AppData\\\\Local\\\\Programs\\\\Microsoft VS Code\\\\resources\\\\app\\\\extensions\\\\git\\\\dist\\\\askpass-main.js',","metadata":{"emulator":{"name":"functions"},"function":{"name":"us-central1-exchangeOktaTokenForFirebaseToken"},"extension":{},"message":"\u001b[90m> \u001b[39m   VSCODE_GIT_ASKPASS_MAIN: 'c:\\\\Users\\\\nikol\\\\AppData\\\\Local\\\\Programs\\\\Microsoft VS Code\\\\resources\\\\app\\\\extensions\\\\git\\\\dist\\\\askpass-main.js',"}}
[info] >    VSCODE_GIT_ASKPASS_NODE: 'C:\\Users\\nikol\\AppData\\Local\\Programs\\Microsoft VS Code\\Code.exe', {"user":"  VSCODE_GIT_ASKPASS_NODE: 'C:\\\\Users\\\\nikol\\\\AppData\\\\Local\\\\Programs\\\\Microsoft VS Code\\\\Code.exe',","metadata":{"emulator":{"name":"functions"},"function":{"name":"us-central1-exchangeOktaTokenForFirebaseToken"},"extension":{},"message":"\u001b[90m> \u001b[39m   VSCODE_GIT_ASKPASS_NODE: 'C:\\\\Users\\\\nikol\\\\AppData\\\\Local\\\\Programs\\\\Microsoft VS Code\\\\Code.exe',"}}
[info] >    VSCODE_GIT_IPC_HANDLE: '\\\\.\\pipe\\vscode-git-9a2fcd3353-sock', {"user":"  VSCODE_GIT_IPC_HANDLE: '\\\\\\\\.\\\\pipe\\\\vscode-git-9a2fcd3353-sock',","metadata":{"emulator":{"name":"functions"},"function":{"name":"us-central1-exchangeOktaTokenForFirebaseToken"},"extension":{},"message":"\u001b[90m> \u001b[39m   VSCODE_GIT_IPC_HANDLE: '\\\\\\\\.\\\\pipe\\\\vscode-git-9a2fcd3353-sock',"}}
[info] >    windir: 'C:\\WINDOWS' {"user":"  windir: 'C:\\\\WINDOWS'","metadata":{"emulator":{"name":"functions"},"function":{"name":"us-central1-exchangeOktaTokenForFirebaseToken"},"extension":{},"message":"\u001b[90m> \u001b[39m   windir: 'C:\\\\WINDOWS'"}}
[info] >  } {"user":"}","metadata":{"emulator":{"name":"functions"},"function":{"name":"us-central1-exchangeOktaTokenForFirebaseToken"},"extension":{},"message":"\u001b[90m> \u001b[39m }"}}
[warn] !  functions: The Firebase Authentication emulator is not running, so calls to Firebase Authentication will affect production. {"metadata":{"emulator":{"name":"functions"},"function":{"name":"us-central1-exchangeOktaTokenForFirebaseToken"},"extension":{},"message":"The Firebase Authentication emulator is not running, so calls to Firebase Authentication will affect production."}}
[debug] [2022-03-24T17:43:12.161Z] [runtime-status] [23280] Ephemeral server survived. {"metadata":{"emulator":{"name":"functions"},"function":{"name":"us-central1-exchangeOktaTokenForFirebaseToken"},"extension":{},"message":"[runtime-status] [23280] Ephemeral server survived."}}
[info] i  functions: Finished "exchangeOktaTokenForFirebaseToken" in ~1s {"metadata":{"emulator":{"name":"functions"},"function":{"name":"us-central1-exchangeOktaTokenForFirebaseToken"},"extension":{},"message":"Finished \"exchangeOktaTokenForFirebaseToken\" in ~1s"}}
[debug] [2022-03-24T17:43:12.162Z] [worker-us-central1-exchangeOktaTokenForFirebaseToken-6359c35b-1c40-470f-947d-9e5cb0c7d9d9]: IDLE {"metadata":{"emulator":{"name":"functions"},"message":"[worker-us-central1-exchangeOktaTokenForFirebaseToken-6359c35b-1c40-470f-947d-9e5cb0c7d9d9]: IDLE"}}
[debug] [2022-03-24T17:43:12.163Z] [work-queue] {"queueLength":0,"workRunningCount":0}
[debug] [2022-03-24T17:43:16.010Z] File C:\Users\nikol\Documents\Okta\Firebase\Private\okta-firebase\functions\index.js changed, reloading triggers {"metadata":{"emulator":{"name":"functions"},"message":"File C:\\Users\\nikol\\Documents\\Okta\\Firebase\\Private\\okta-firebase\\functions\\index.js changed, reloading triggers"}}
[debug] [2022-03-24T17:43:17.023Z] [worker-pool] Shutting down IDLE worker (us-central1-exchangeOktaTokenForFirebaseToken) {"metadata":{"emulator":{"name":"functions"},"message":"[worker-pool] Shutting down IDLE worker (us-central1-exchangeOktaTokenForFirebaseToken)"}}
[debug] [2022-03-24T17:43:17.023Z] [worker-us-central1-exchangeOktaTokenForFirebaseToken-6359c35b-1c40-470f-947d-9e5cb0c7d9d9]: FINISHING {"metadata":{"emulator":{"name":"functions"},"message":"[worker-us-central1-exchangeOktaTokenForFirebaseToken-6359c35b-1c40-470f-947d-9e5cb0c7d9d9]: FINISHING"}}
[debug] [2022-03-24T17:43:17.025Z] Validating nodejs source
[debug] [2022-03-24T17:43:18.931Z] > [functions] package.json contents: {
  "name": "functions",
  "description": "Cloud Functions for Firebase",
  "scripts": {
    "serve": "firebase emulators:start --only functions",
    "shell": "firebase functions:shell",
    "start": "npm run shell",
    "deploy": "firebase deploy --only functions",
    "logs": "firebase functions:log"
  },
  "engines": {
    "node": "16"
  },
  "main": "index.js",
  "dependencies": {
    "@okta/jwt-verifier": "^2.3.0",
    "canvas": "^2.9.1",
    "dotenv": "^16.0.0",
    "firebase-admin": "^10.0.2",
    "firebase-functions": "^3.18.0"
  },
  "devDependencies": {
    "firebase-functions-test": "^0.2.0"
  },
  "private": true
}
[debug] [2022-03-24T17:43:18.932Z] Building nodejs source
[debug] [2022-03-24T17:43:18.932Z] Analyzing nodejs backend spec
[debug] [2022-03-24T17:43:18.938Z] [worker-us-central1-exchangeOktaTokenForFirebaseToken-6359c35b-1c40-470f-947d-9e5cb0c7d9d9]: exited {"metadata":{"emulator":{"name":"functions"},"message":"[worker-us-central1-exchangeOktaTokenForFirebaseToken-6359c35b-1c40-470f-947d-9e5cb0c7d9d9]: exited"}}
[debug] [2022-03-24T17:43:18.938Z] [worker-us-central1-exchangeOktaTokenForFirebaseToken-6359c35b-1c40-470f-947d-9e5cb0c7d9d9]: FINISHED {"metadata":{"emulator":{"name":"functions"},"message":"[worker-us-central1-exchangeOktaTokenForFirebaseToken-6359c35b-1c40-470f-947d-9e5cb0c7d9d9]: FINISHED"}}
